Arguments: 
  /home/beingexist/.nvm/versions/node/v18.5.0/bin/node /home/beingexist/.yarn/releases/yarn-1.22.1.cjs init -p

PATH: 
  /home/beingexist/.nvm/versions/node/v18.5.0/bin:/home/beingexist/.cargo/bin:/usr/local/sbin:/usr/local/bin:/usr/sbin:/usr/bin:/sbin:/bin:/usr/games:/usr/local/games:/snap/bin:/snap/bin:/home/beingexist/.dotnet/tools:/home/beingexist/Android/Sdk/emulator:/home/beingexist/Android/Sdk/platform-tools:/home/beingexist/.cargo/bin/

Yarn version: 
  1.22.1

Node version: 
  18.5.0

Platform: 
  linux x64

Trace: 
  Error: canceled
      at Interface.<anonymous> (/home/beingexist/.yarn/releases/yarn-1.22.1.cjs:131414:13)
      at Interface.emit (node:events:537:28)
      at [_ttyWrite] [as _ttyWrite] (node:internal/readline/interface:1124:18)
      at ReadStream.onkeypress (node:internal/readline/interface:273:20)
      at ReadStream.emit (node:events:537:28)
      at emitKeys (node:internal/readline/utils:358:14)
      at emitKeys.next (<anonymous>)
      at ReadStream.onData (node:internal/readline/emitKeypressEvents:64:36)
      at ReadStream.emit (node:events:537:28)
      at addChunk (node:internal/streams/readable:324:12)

npm manifest: 
  No manifest

yarn manifest: 
  No manifest

Lockfile: 
  No lockfile
